20:34:33.169 [org.springframework.kafka.KafkaListenerEndpointContainer#1-2-C-1] INFO  o.a.k.c.c.i.ConsumerCoordinator - [Consumer clientId=consumer-notification-service-9, groupId=notification-service] Member consumer-notification-service-9-4780e99f-699a-4376-89cb-8bab4aed2523 sending LeaveGroup request to coordinator localhost:9092 (id: 2147483646 rack: null) due to the consumer unsubscribed from all topics
20:34:33.169 [org.springframework.kafka.KafkaListenerEndpointContainer#1-1-C-1] INFO  o.a.k.c.c.i.ConsumerCoordinator - [Consumer clientId=consumer-notification-service-8, groupId=notification-service] Member consumer-notification-service-8-bafa48ab-f325-440d-84e8-38553bc2bbe4 sending LeaveGroup request to coordinator localhost:9092 (id: 2147483646 rack: null) due to the consumer unsubscribed from all topics
20:34:33.169 [org.springframework.kafka.KafkaListenerEndpointContainer#0-1-C-1] INFO  o.a.k.c.c.i.ConsumerCoordinator - [Consumer clientId=consumer-notification-service-5, groupId=notification-service] Member consumer-notification-service-5-6958af7a-9553-4a2d-ae17-3fdf5f103b75 sending LeaveGroup request to coordinator localhost:9092 (id: 2147483646 rack: null) due to the consumer unsubscribed from all topics
20:34:33.169 [org.springframework.kafka.KafkaListenerEndpointContainer#2-2-C-1] INFO  o.a.k.c.c.i.ConsumerCoordinator - [Consumer clientId=consumer-notification-service-3, groupId=notification-service] Member consumer-notification-service-3-422d6c09-0798-41f2-89c6-98594450c790 sending LeaveGroup request to coordinator localhost:9092 (id: 2147483646 rack: null) due to the consumer unsubscribed from all topics
20:34:33.169 [org.springframework.kafka.KafkaListenerEndpointContainer#0-2-C-1] INFO  o.a.k.c.c.i.ConsumerCoordinator - [Consumer clientId=consumer-notification-service-6, groupId=notification-service] Member consumer-notification-service-6-be887c33-f382-4728-93e3-c69f55c09011 sending LeaveGroup request to coordinator localhost:9092 (id: 2147483646 rack: null) due to the consumer unsubscribed from all topics
20:34:33.170 [org.springframework.kafka.KafkaListenerEndpointContainer#0-0-C-1] INFO  o.a.k.c.c.i.ConsumerRebalanceListenerInvoker - [Consumer clientId=consumer-notification-service-4, groupId=notification-service] Revoke previously assigned partitions post.notice-0
20:34:33.170 [org.springframework.kafka.KafkaListenerEndpointContainer#1-0-C-1] INFO  o.a.k.c.c.i.ConsumerRebalanceListenerInvoker - [Consumer clientId=consumer-notification-service-7, groupId=notification-service] Revoke previously assigned partitions like.notice-0
20:34:33.169 [org.springframework.kafka.KafkaListenerEndpointContainer#2-1-C-1] INFO  o.a.k.c.c.i.ConsumerCoordinator - [Consumer clientId=consumer-notification-service-2, groupId=notification-service] Member consumer-notification-service-2-3b9b2ef7-285e-4929-991f-4db614ff204a sending LeaveGroup request to coordinator localhost:9092 (id: 2147483646 rack: null) due to the consumer unsubscribed from all topics
20:34:33.176 [org.springframework.kafka.KafkaListenerEndpointContainer#1-1-C-1] INFO  o.a.k.c.c.i.ConsumerCoordinator - [Consumer clientId=consumer-notification-service-8, groupId=notification-service] Resetting generation and member id due to: consumer pro-actively leaving the group
20:34:33.176 [org.springframework.kafka.KafkaListenerEndpointContainer#1-2-C-1] INFO  o.a.k.c.c.i.ConsumerCoordinator - [Consumer clientId=consumer-notification-service-9, groupId=notification-service] Resetting generation and member id due to: consumer pro-actively leaving the group
20:34:33.176 [org.springframework.kafka.KafkaListenerEndpointContainer#1-1-C-1] INFO  o.a.k.c.c.i.ConsumerCoordinator - [Consumer clientId=consumer-notification-service-8, groupId=notification-service] Request joining group due to: consumer pro-actively leaving the group
20:34:33.176 [org.springframework.kafka.KafkaListenerEndpointContainer#1-2-C-1] INFO  o.a.k.c.c.i.ConsumerCoordinator - [Consumer clientId=consumer-notification-service-9, groupId=notification-service] Request joining group due to: consumer pro-actively leaving the group
20:34:33.176 [org.springframework.kafka.KafkaListenerEndpointContainer#1-2-C-1] INFO  o.a.k.c.c.i.ClassicKafkaConsumer - [Consumer clientId=consumer-notification-service-9, groupId=notification-service] Unsubscribed all topics or patterns and assigned partitions
20:34:33.170 [org.springframework.kafka.KafkaListenerEndpointContainer#2-0-C-1] INFO  o.a.k.c.c.i.ConsumerRebalanceListenerInvoker - [Consumer clientId=consumer-notification-service-1, groupId=notification-service] Revoke previously assigned partitions discuss.esNotice-0
20:34:33.176 [org.springframework.kafka.KafkaListenerEndpointContainer#0-2-C-1] INFO  o.a.k.c.c.i.ConsumerCoordinator - [Consumer clientId=consumer-notification-service-6, groupId=notification-service] Resetting generation and member id due to: consumer pro-actively leaving the group
20:34:33.176 [org.springframework.kafka.KafkaListenerEndpointContainer#0-1-C-1] INFO  o.a.k.c.c.i.ConsumerCoordinator - [Consumer clientId=consumer-notification-service-5, groupId=notification-service] Resetting generation and member id due to: consumer pro-actively leaving the group
20:34:33.176 [org.springframework.kafka.KafkaListenerEndpointContainer#1-1-C-1] INFO  o.a.k.c.c.i.ClassicKafkaConsumer - [Consumer clientId=consumer-notification-service-8, groupId=notification-service] Unsubscribed all topics or patterns and assigned partitions
20:34:33.176 [org.springframework.kafka.KafkaListenerEndpointContainer#0-2-C-1] INFO  o.a.k.c.c.i.ConsumerCoordinator - [Consumer clientId=consumer-notification-service-6, groupId=notification-service] Request joining group due to: consumer pro-actively leaving the group
20:34:33.176 [org.springframework.kafka.KafkaListenerEndpointContainer#2-2-C-1] INFO  o.a.k.c.c.i.ConsumerCoordinator - [Consumer clientId=consumer-notification-service-3, groupId=notification-service] Resetting generation and member id due to: consumer pro-actively leaving the group
20:34:33.177 [org.springframework.kafka.KafkaListenerEndpointContainer#2-1-C-1] INFO  o.a.k.c.c.i.ConsumerCoordinator - [Consumer clientId=consumer-notification-service-2, groupId=notification-service] Resetting generation and member id due to: consumer pro-actively leaving the group
20:34:33.177 [org.springframework.kafka.KafkaListenerEndpointContainer#0-1-C-1] INFO  o.a.k.c.c.i.ConsumerCoordinator - [Consumer clientId=consumer-notification-service-5, groupId=notification-service] Request joining group due to: consumer pro-actively leaving the group
20:34:33.177 [org.springframework.kafka.KafkaListenerEndpointContainer#0-2-C-1] INFO  o.a.k.c.c.i.ClassicKafkaConsumer - [Consumer clientId=consumer-notification-service-6, groupId=notification-service] Unsubscribed all topics or patterns and assigned partitions
20:34:33.177 [org.springframework.kafka.KafkaListenerEndpointContainer#2-2-C-1] INFO  o.a.k.c.c.i.ConsumerCoordinator - [Consumer clientId=consumer-notification-service-3, groupId=notification-service] Request joining group due to: consumer pro-actively leaving the group
20:34:33.177 [org.springframework.kafka.KafkaListenerEndpointContainer#0-1-C-1] INFO  o.a.k.c.c.i.ClassicKafkaConsumer - [Consumer clientId=consumer-notification-service-5, groupId=notification-service] Unsubscribed all topics or patterns and assigned partitions
20:34:33.177 [org.springframework.kafka.KafkaListenerEndpointContainer#2-2-C-1] INFO  o.a.k.c.c.i.ClassicKafkaConsumer - [Consumer clientId=consumer-notification-service-3, groupId=notification-service] Unsubscribed all topics or patterns and assigned partitions
20:34:33.177 [org.springframework.kafka.KafkaListenerEndpointContainer#2-1-C-1] INFO  o.a.k.c.c.i.ConsumerCoordinator - [Consumer clientId=consumer-notification-service-2, groupId=notification-service] Request joining group due to: consumer pro-actively leaving the group
20:34:33.177 [org.springframework.kafka.KafkaListenerEndpointContainer#2-1-C-1] INFO  o.a.k.c.c.i.ClassicKafkaConsumer - [Consumer clientId=consumer-notification-service-2, groupId=notification-service] Unsubscribed all topics or patterns and assigned partitions
20:34:33.181 [org.springframework.kafka.KafkaListenerEndpointContainer#2-0-C-1] INFO  o.s.k.l.KafkaMessageListenerContainer - notification-service: partitions revoked: [discuss.esNotice-0]
20:34:33.181 [org.springframework.kafka.KafkaListenerEndpointContainer#1-2-C-1] INFO  o.a.k.c.c.i.ConsumerCoordinator - [Consumer clientId=consumer-notification-service-9, groupId=notification-service] Resetting generation and member id due to: consumer pro-actively leaving the group
20:34:33.181 [org.springframework.kafka.KafkaListenerEndpointContainer#1-0-C-1] INFO  o.s.k.l.KafkaMessageListenerContainer - notification-service: partitions revoked: [like.notice-0]
20:34:33.182 [org.springframework.kafka.KafkaListenerEndpointContainer#1-2-C-1] INFO  o.a.k.c.c.i.ConsumerCoordinator - [Consumer clientId=consumer-notification-service-9, groupId=notification-service] Request joining group due to: consumer pro-actively leaving the group
20:34:33.182 [org.springframework.kafka.KafkaListenerEndpointContainer#2-2-C-1] INFO  o.a.k.c.c.i.ConsumerCoordinator - [Consumer clientId=consumer-notification-service-3, groupId=notification-service] Resetting generation and member id due to: consumer pro-actively leaving the group
20:34:33.181 [org.springframework.kafka.KafkaListenerEndpointContainer#0-0-C-1] INFO  o.s.k.l.KafkaMessageListenerContainer - notification-service: partitions revoked: [post.notice-0]
20:34:33.182 [org.springframework.kafka.KafkaListenerEndpointContainer#2-2-C-1] INFO  o.a.k.c.c.i.ConsumerCoordinator - [Consumer clientId=consumer-notification-service-3, groupId=notification-service] Request joining group due to: consumer pro-actively leaving the group
20:34:33.182 [org.springframework.kafka.KafkaListenerEndpointContainer#0-2-C-1] INFO  o.a.k.c.c.i.ConsumerCoordinator - [Consumer clientId=consumer-notification-service-6, groupId=notification-service] Resetting generation and member id due to: consumer pro-actively leaving the group
20:34:33.182 [org.springframework.kafka.KafkaListenerEndpointContainer#0-2-C-1] INFO  o.a.k.c.c.i.ConsumerCoordinator - [Consumer clientId=consumer-notification-service-6, groupId=notification-service] Request joining group due to: consumer pro-actively leaving the group
20:34:33.182 [org.springframework.kafka.KafkaListenerEndpointContainer#1-1-C-1] INFO  o.a.k.c.c.i.ConsumerCoordinator - [Consumer clientId=consumer-notification-service-8, groupId=notification-service] Resetting generation and member id due to: consumer pro-actively leaving the group
20:34:33.182 [org.springframework.kafka.KafkaListenerEndpointContainer#2-1-C-1] INFO  o.a.k.c.c.i.ConsumerCoordinator - [Consumer clientId=consumer-notification-service-2, groupId=notification-service] Resetting generation and member id due to: consumer pro-actively leaving the group
20:34:33.182 [org.springframework.kafka.KafkaListenerEndpointContainer#1-1-C-1] INFO  o.a.k.c.c.i.ConsumerCoordinator - [Consumer clientId=consumer-notification-service-8, groupId=notification-service] Request joining group due to: consumer pro-actively leaving the group
20:34:33.182 [org.springframework.kafka.KafkaListenerEndpointContainer#2-1-C-1] INFO  o.a.k.c.c.i.ConsumerCoordinator - [Consumer clientId=consumer-notification-service-2, groupId=notification-service] Request joining group due to: consumer pro-actively leaving the group
20:34:33.183 [org.springframework.kafka.KafkaListenerEndpointContainer#2-0-C-1] INFO  o.a.k.c.c.i.ConsumerCoordinator - [Consumer clientId=consumer-notification-service-1, groupId=notification-service] Member consumer-notification-service-1-7bed08b7-e991-470b-971b-515afccbf688 sending LeaveGroup request to coordinator localhost:9092 (id: 2147483646 rack: null) due to the consumer unsubscribed from all topics
20:34:33.183 [org.springframework.kafka.KafkaListenerEndpointContainer#0-1-C-1] INFO  o.a.k.c.c.i.ConsumerCoordinator - [Consumer clientId=consumer-notification-service-5, groupId=notification-service] Resetting generation and member id due to: consumer pro-actively leaving the group
20:34:33.184 [org.springframework.kafka.KafkaListenerEndpointContainer#0-0-C-1] INFO  o.a.k.c.c.i.ConsumerCoordinator - [Consumer clientId=consumer-notification-service-4, groupId=notification-service] Member consumer-notification-service-4-c7c328e9-a89a-4d7c-9f4d-365cc6a77690 sending LeaveGroup request to coordinator localhost:9092 (id: 2147483646 rack: null) due to the consumer unsubscribed from all topics
20:34:33.185 [org.springframework.kafka.KafkaListenerEndpointContainer#0-0-C-1] INFO  o.a.k.c.c.i.ConsumerCoordinator - [Consumer clientId=consumer-notification-service-4, groupId=notification-service] Resetting generation and member id due to: consumer pro-actively leaving the group
20:34:33.184 [org.springframework.kafka.KafkaListenerEndpointContainer#1-0-C-1] INFO  o.a.k.c.c.i.ConsumerCoordinator - [Consumer clientId=consumer-notification-service-7, groupId=notification-service] Member consumer-notification-service-7-d1bca99b-06cd-494f-a89c-4631fa90180e sending LeaveGroup request to coordinator localhost:9092 (id: 2147483646 rack: null) due to the consumer unsubscribed from all topics
20:34:33.184 [org.springframework.kafka.KafkaListenerEndpointContainer#2-0-C-1] INFO  o.a.k.c.c.i.ConsumerCoordinator - [Consumer clientId=consumer-notification-service-1, groupId=notification-service] Resetting generation and member id due to: consumer pro-actively leaving the group
20:34:33.184 [org.springframework.kafka.KafkaListenerEndpointContainer#0-1-C-1] INFO  o.a.k.c.c.i.ConsumerCoordinator - [Consumer clientId=consumer-notification-service-5, groupId=notification-service] Request joining group due to: consumer pro-actively leaving the group
20:34:33.185 [org.springframework.kafka.KafkaListenerEndpointContainer#0-0-C-1] INFO  o.a.k.c.c.i.ConsumerCoordinator - [Consumer clientId=consumer-notification-service-4, groupId=notification-service] Request joining group due to: consumer pro-actively leaving the group
20:34:33.186 [org.springframework.kafka.KafkaListenerEndpointContainer#1-0-C-1] INFO  o.a.k.c.c.i.ConsumerCoordinator - [Consumer clientId=consumer-notification-service-7, groupId=notification-service] Resetting generation and member id due to: consumer pro-actively leaving the group
20:34:33.186 [org.springframework.kafka.KafkaListenerEndpointContainer#0-0-C-1] INFO  o.a.k.c.c.i.ClassicKafkaConsumer - [Consumer clientId=consumer-notification-service-4, groupId=notification-service] Unsubscribed all topics or patterns and assigned partitions
20:34:33.186 [org.springframework.kafka.KafkaListenerEndpointContainer#2-0-C-1] INFO  o.a.k.c.c.i.ConsumerCoordinator - [Consumer clientId=consumer-notification-service-1, groupId=notification-service] Request joining group due to: consumer pro-actively leaving the group
20:34:33.186 [org.springframework.kafka.KafkaListenerEndpointContainer#1-0-C-1] INFO  o.a.k.c.c.i.ConsumerCoordinator - [Consumer clientId=consumer-notification-service-7, groupId=notification-service] Request joining group due to: consumer pro-actively leaving the group
20:34:33.186 [org.springframework.kafka.KafkaListenerEndpointContainer#1-0-C-1] INFO  o.a.k.c.c.i.ClassicKafkaConsumer - [Consumer clientId=consumer-notification-service-7, groupId=notification-service] Unsubscribed all topics or patterns and assigned partitions
20:34:33.186 [org.springframework.kafka.KafkaListenerEndpointContainer#2-0-C-1] INFO  o.a.k.c.c.i.ClassicKafkaConsumer - [Consumer clientId=consumer-notification-service-1, groupId=notification-service] Unsubscribed all topics or patterns and assigned partitions
20:34:33.187 [org.springframework.kafka.KafkaListenerEndpointContainer#1-0-C-1] INFO  o.a.k.c.c.i.ConsumerCoordinator - [Consumer clientId=consumer-notification-service-7, groupId=notification-service] Resetting generation and member id due to: consumer pro-actively leaving the group
20:34:33.187 [org.springframework.kafka.KafkaListenerEndpointContainer#1-0-C-1] INFO  o.a.k.c.c.i.ConsumerCoordinator - [Consumer clientId=consumer-notification-service-7, groupId=notification-service] Request joining group due to: consumer pro-actively leaving the group
20:34:33.190 [org.springframework.kafka.KafkaListenerEndpointContainer#2-0-C-1] INFO  o.a.k.c.c.i.ConsumerCoordinator - [Consumer clientId=consumer-notification-service-1, groupId=notification-service] Resetting generation and member id due to: consumer pro-actively leaving the group
20:34:33.190 [org.springframework.kafka.KafkaListenerEndpointContainer#2-0-C-1] INFO  o.a.k.c.c.i.ConsumerCoordinator - [Consumer clientId=consumer-notification-service-1, groupId=notification-service] Request joining group due to: consumer pro-actively leaving the group
20:34:33.190 [org.springframework.kafka.KafkaListenerEndpointContainer#0-0-C-1] INFO  o.a.k.c.c.i.ConsumerCoordinator - [Consumer clientId=consumer-notification-service-4, groupId=notification-service] Resetting generation and member id due to: consumer pro-actively leaving the group
20:34:33.191 [org.springframework.kafka.KafkaListenerEndpointContainer#0-0-C-1] INFO  o.a.k.c.c.i.ConsumerCoordinator - [Consumer clientId=consumer-notification-service-4, groupId=notification-service] Request joining group due to: consumer pro-actively leaving the group
20:34:33.213 [org.springframework.kafka.KafkaListenerEndpointContainer#2-1-C-1] INFO  o.a.kafka.common.metrics.Metrics - Metrics scheduler closed
20:34:33.213 [org.springframework.kafka.KafkaListenerEndpointContainer#2-1-C-1] INFO  o.a.kafka.common.metrics.Metrics - Closing reporter org.apache.kafka.common.metrics.JmxReporter
20:34:33.213 [org.springframework.kafka.KafkaListenerEndpointContainer#0-2-C-1] INFO  o.a.kafka.common.metrics.Metrics - Metrics scheduler closed
20:34:33.213 [org.springframework.kafka.KafkaListenerEndpointContainer#0-2-C-1] INFO  o.a.kafka.common.metrics.Metrics - Closing reporter org.apache.kafka.common.metrics.JmxReporter
20:34:33.213 [org.springframework.kafka.KafkaListenerEndpointContainer#2-1-C-1] INFO  o.a.kafka.common.metrics.Metrics - Closing reporter org.apache.kafka.common.telemetry.internals.ClientTelemetryReporter
20:34:33.215 [org.springframework.kafka.KafkaListenerEndpointContainer#1-2-C-1] INFO  o.a.kafka.common.metrics.Metrics - Metrics scheduler closed
20:34:33.215 [org.springframework.kafka.KafkaListenerEndpointContainer#2-1-C-1] INFO  o.a.kafka.common.metrics.Metrics - Metrics reporters closed
20:34:33.215 [org.springframework.kafka.KafkaListenerEndpointContainer#1-2-C-1] INFO  o.a.kafka.common.metrics.Metrics - Closing reporter org.apache.kafka.common.metrics.JmxReporter
20:34:33.215 [org.springframework.kafka.KafkaListenerEndpointContainer#1-1-C-1] INFO  o.a.kafka.common.metrics.Metrics - Metrics scheduler closed
20:34:33.215 [org.springframework.kafka.KafkaListenerEndpointContainer#0-1-C-1] INFO  o.a.kafka.common.metrics.Metrics - Metrics scheduler closed
20:34:33.215 [org.springframework.kafka.KafkaListenerEndpointContainer#1-1-C-1] INFO  o.a.kafka.common.metrics.Metrics - Closing reporter org.apache.kafka.common.metrics.JmxReporter
20:34:33.215 [org.springframework.kafka.KafkaListenerEndpointContainer#0-1-C-1] INFO  o.a.kafka.common.metrics.Metrics - Closing reporter org.apache.kafka.common.metrics.JmxReporter
20:34:33.215 [org.springframework.kafka.KafkaListenerEndpointContainer#1-2-C-1] INFO  o.a.kafka.common.metrics.Metrics - Closing reporter org.apache.kafka.common.telemetry.internals.ClientTelemetryReporter
20:34:33.215 [org.springframework.kafka.KafkaListenerEndpointContainer#1-2-C-1] INFO  o.a.kafka.common.metrics.Metrics - Metrics reporters closed
20:34:33.215 [org.springframework.kafka.KafkaListenerEndpointContainer#0-2-C-1] INFO  o.a.kafka.common.metrics.Metrics - Closing reporter org.apache.kafka.common.telemetry.internals.ClientTelemetryReporter
20:34:33.216 [org.springframework.kafka.KafkaListenerEndpointContainer#0-2-C-1] INFO  o.a.kafka.common.metrics.Metrics - Metrics reporters closed
20:34:33.216 [org.springframework.kafka.KafkaListenerEndpointContainer#0-1-C-1] INFO  o.a.kafka.common.metrics.Metrics - Closing reporter org.apache.kafka.common.telemetry.internals.ClientTelemetryReporter
20:34:33.216 [org.springframework.kafka.KafkaListenerEndpointContainer#0-1-C-1] INFO  o.a.kafka.common.metrics.Metrics - Metrics reporters closed
20:34:33.216 [org.springframework.kafka.KafkaListenerEndpointContainer#1-1-C-1] INFO  o.a.kafka.common.metrics.Metrics - Closing reporter org.apache.kafka.common.telemetry.internals.ClientTelemetryReporter
20:34:33.216 [org.springframework.kafka.KafkaListenerEndpointContainer#1-1-C-1] INFO  o.a.kafka.common.metrics.Metrics - Metrics reporters closed
20:34:33.217 [org.springframework.kafka.KafkaListenerEndpointContainer#2-2-C-1] INFO  o.a.kafka.common.metrics.Metrics - Metrics scheduler closed
20:34:33.217 [org.springframework.kafka.KafkaListenerEndpointContainer#2-2-C-1] INFO  o.a.kafka.common.metrics.Metrics - Closing reporter org.apache.kafka.common.metrics.JmxReporter
20:34:33.218 [org.springframework.kafka.KafkaListenerEndpointContainer#2-2-C-1] INFO  o.a.kafka.common.metrics.Metrics - Closing reporter org.apache.kafka.common.telemetry.internals.ClientTelemetryReporter
20:34:33.219 [org.springframework.kafka.KafkaListenerEndpointContainer#2-2-C-1] INFO  o.a.kafka.common.metrics.Metrics - Metrics reporters closed
20:34:33.243 [org.springframework.kafka.KafkaListenerEndpointContainer#2-2-C-1] INFO  o.a.kafka.common.utils.AppInfoParser - App info kafka.consumer for consumer-notification-service-3 unregistered
20:34:33.243 [org.springframework.kafka.KafkaListenerEndpointContainer#0-2-C-1] INFO  o.a.kafka.common.utils.AppInfoParser - App info kafka.consumer for consumer-notification-service-6 unregistered
20:34:33.243 [org.springframework.kafka.KafkaListenerEndpointContainer#2-1-C-1] INFO  o.a.kafka.common.utils.AppInfoParser - App info kafka.consumer for consumer-notification-service-2 unregistered
20:34:33.244 [org.springframework.kafka.KafkaListenerEndpointContainer#1-2-C-1] INFO  o.a.kafka.common.utils.AppInfoParser - App info kafka.consumer for consumer-notification-service-9 unregistered
20:34:33.244 [org.springframework.kafka.KafkaListenerEndpointContainer#2-2-C-1] INFO  o.s.k.l.KafkaMessageListenerContainer - notification-service: Consumer stopped
20:34:33.244 [org.springframework.kafka.KafkaListenerEndpointContainer#2-1-C-1] INFO  o.s.k.l.KafkaMessageListenerContainer - notification-service: Consumer stopped
20:34:33.244 [org.springframework.kafka.KafkaListenerEndpointContainer#0-2-C-1] INFO  o.s.k.l.KafkaMessageListenerContainer - notification-service: Consumer stopped
20:34:33.244 [org.springframework.kafka.KafkaListenerEndpointContainer#1-2-C-1] INFO  o.s.k.l.KafkaMessageListenerContainer - notification-service: Consumer stopped
20:34:33.244 [org.springframework.kafka.KafkaListenerEndpointContainer#1-1-C-1] INFO  o.a.kafka.common.utils.AppInfoParser - App info kafka.consumer for consumer-notification-service-8 unregistered
20:34:33.244 [org.springframework.kafka.KafkaListenerEndpointContainer#1-1-C-1] INFO  o.s.k.l.KafkaMessageListenerContainer - notification-service: Consumer stopped
20:34:33.244 [org.springframework.kafka.KafkaListenerEndpointContainer#0-1-C-1] INFO  o.a.kafka.common.utils.AppInfoParser - App info kafka.consumer for consumer-notification-service-5 unregistered
20:34:33.244 [org.springframework.kafka.KafkaListenerEndpointContainer#0-1-C-1] INFO  o.s.k.l.KafkaMessageListenerContainer - notification-service: Consumer stopped
20:34:33.500 [org.springframework.kafka.KafkaListenerEndpointContainer#1-0-C-1] INFO  o.a.kafka.common.metrics.Metrics - Metrics scheduler closed
20:34:33.500 [org.springframework.kafka.KafkaListenerEndpointContainer#1-0-C-1] INFO  o.a.kafka.common.metrics.Metrics - Closing reporter org.apache.kafka.common.metrics.JmxReporter
20:34:33.500 [org.springframework.kafka.KafkaListenerEndpointContainer#1-0-C-1] INFO  o.a.kafka.common.metrics.Metrics - Closing reporter org.apache.kafka.common.telemetry.internals.ClientTelemetryReporter
20:34:33.500 [org.springframework.kafka.KafkaListenerEndpointContainer#1-0-C-1] INFO  o.a.kafka.common.metrics.Metrics - Metrics reporters closed
20:34:33.558 [org.springframework.kafka.KafkaListenerEndpointContainer#0-0-C-1] INFO  o.a.kafka.common.metrics.Metrics - Metrics scheduler closed
20:34:33.557 [org.springframework.kafka.KafkaListenerEndpointContainer#1-0-C-1] INFO  o.a.kafka.common.utils.AppInfoParser - App info kafka.consumer for consumer-notification-service-7 unregistered
20:34:33.558 [org.springframework.kafka.KafkaListenerEndpointContainer#0-0-C-1] INFO  o.a.kafka.common.metrics.Metrics - Closing reporter org.apache.kafka.common.metrics.JmxReporter
20:34:33.558 [org.springframework.kafka.KafkaListenerEndpointContainer#2-0-C-1] INFO  o.a.kafka.common.metrics.Metrics - Metrics scheduler closed
20:34:33.558 [org.springframework.kafka.KafkaListenerEndpointContainer#2-0-C-1] INFO  o.a.kafka.common.metrics.Metrics - Closing reporter org.apache.kafka.common.metrics.JmxReporter
20:34:33.558 [org.springframework.kafka.KafkaListenerEndpointContainer#0-0-C-1] INFO  o.a.kafka.common.metrics.Metrics - Closing reporter org.apache.kafka.common.telemetry.internals.ClientTelemetryReporter
20:34:33.558 [org.springframework.kafka.KafkaListenerEndpointContainer#1-0-C-1] INFO  o.s.k.l.KafkaMessageListenerContainer - notification-service: Consumer stopped
20:34:33.558 [org.springframework.kafka.KafkaListenerEndpointContainer#0-0-C-1] INFO  o.a.kafka.common.metrics.Metrics - Metrics reporters closed
20:34:33.558 [org.springframework.kafka.KafkaListenerEndpointContainer#2-0-C-1] INFO  o.a.kafka.common.metrics.Metrics - Closing reporter org.apache.kafka.common.telemetry.internals.ClientTelemetryReporter
20:34:33.558 [org.springframework.kafka.KafkaListenerEndpointContainer#2-0-C-1] INFO  o.a.kafka.common.metrics.Metrics - Metrics reporters closed
20:34:33.561 [org.springframework.kafka.KafkaListenerEndpointContainer#0-0-C-1] INFO  o.a.kafka.common.utils.AppInfoParser - App info kafka.consumer for consumer-notification-service-4 unregistered
20:34:33.561 [org.springframework.kafka.KafkaListenerEndpointContainer#0-0-C-1] INFO  o.s.k.l.KafkaMessageListenerContainer - notification-service: Consumer stopped
20:34:33.561 [org.springframework.kafka.KafkaListenerEndpointContainer#2-0-C-1] INFO  o.a.kafka.common.utils.AppInfoParser - App info kafka.consumer for consumer-notification-service-1 unregistered
20:34:33.562 [org.springframework.kafka.KafkaListenerEndpointContainer#2-0-C-1] INFO  o.s.k.l.KafkaMessageListenerContainer - notification-service: Consumer stopped
20:34:33.563 [SpringApplicationShutdownHook] INFO  o.s.b.w.e.tomcat.GracefulShutdown - Commencing graceful shutdown. Waiting for active requests to complete
20:34:33.581 [tomcat-shutdown] INFO  o.s.b.w.e.tomcat.GracefulShutdown - Graceful shutdown complete
20:34:33.615 [SpringApplicationShutdownHook] INFO  o.a.k.clients.producer.KafkaProducer - [Producer clientId=Community-producer-1] Closing the Kafka producer with timeoutMillis = 30000 ms.
20:34:33.618 [SpringApplicationShutdownHook] INFO  o.a.kafka.common.metrics.Metrics - Metrics scheduler closed
20:34:33.618 [SpringApplicationShutdownHook] INFO  o.a.kafka.common.metrics.Metrics - Closing reporter org.apache.kafka.common.metrics.JmxReporter
20:34:33.618 [SpringApplicationShutdownHook] INFO  o.a.kafka.common.metrics.Metrics - Closing reporter org.apache.kafka.common.telemetry.internals.ClientTelemetryReporter
20:34:33.618 [SpringApplicationShutdownHook] INFO  o.a.kafka.common.metrics.Metrics - Metrics reporters closed
20:34:33.619 [SpringApplicationShutdownHook] INFO  o.a.kafka.common.utils.AppInfoParser - App info kafka.producer for Community-producer-1 unregistered
20:34:33.638 [SpringApplicationShutdownHook] INFO  com.zaxxer.hikari.HikariDataSource - HikariPool-1 - Shutdown initiated...
20:34:33.643 [SpringApplicationShutdownHook] INFO  com.zaxxer.hikari.HikariDataSource - HikariPool-1 - Shutdown completed.
